Flow report for MaquinaEstados
Sun Mar 24 19:50:57 2024
Quartus Prime Version 20.1.0 Build 711 06/05/2020 SJ Lite Edition


---------------------
; Table of Contents ;
---------------------
  1. Legal Notice
  2. Flow Summary
  3. Flow Settings
  4. Flow Non-Default Global Settings
  5. Flow Elapsed Time
  6. Flow OS Summary
  7. Flow Log
  8. Flow Messages
  9. Flow Suppressed Messages



----------------
; Legal Notice ;
----------------
Copyright (C) 2020  Intel Corporation. All rights reserved.
Your use of Intel Corporation's design tools, logic functions 
and other software and tools, and any partner logic 
functions, and any output files from any of the foregoing 
(including device programming or simulation files), and any 
associated documentation or information are expressly subject 
to the terms and conditions of the Intel Program License 
Subscription Agreement, the Intel Quartus Prime License Agreement,
the Intel FPGA IP License Agreement, or other applicable license
agreement, including, without limitation, that your use is for
the sole purpose of programming logic devices manufactured by
Intel and sold by Intel or its authorized distributors.  Please
refer to the applicable agreement for further details, at
https://fpgasoftware.intel.com/eula.



+-------------------------------------------------------------------------------+
; Flow Summary                                                                  ;
+---------------------------------+---------------------------------------------+
; Flow Status                     ; Successful - Sun Mar 24 19:50:57 2024       ;
; Quartus Prime Version           ; 20.1.0 Build 711 06/05/2020 SJ Lite Edition ;
; Revision Name                   ; MaquinaEstados                              ;
; Top-level Entity Name           ; FSM                                         ;
; Family                          ; Cyclone V                                   ;
; Device                          ; 5CSEMA5F31C6                                ;
; Timing Models                   ; Final                                       ;
; Logic utilization (in ALMs)     ; 11 / 32,070 ( < 1 % )                       ;
; Total registers                 ; 4                                           ;
; Total pins                      ; 19 / 457 ( 4 % )                            ;
; Total virtual pins              ; 0                                           ;
; Total block memory bits         ; 0 / 4,065,280 ( 0 % )                       ;
; Total DSP Blocks                ; 1 / 87 ( 1 % )                              ;
; Total HSSI RX PCSs              ; 0                                           ;
; Total HSSI PMA RX Deserializers ; 0                                           ;
; Total HSSI TX PCSs              ; 0                                           ;
; Total HSSI PMA TX Serializers   ; 0                                           ;
; Total PLLs                      ; 0 / 6 ( 0 % )                               ;
; Total DLLs                      ; 0 / 4 ( 0 % )                               ;
+---------------------------------+---------------------------------------------+


+-----------------------------------------+
; Flow Settings                           ;
+-------------------+---------------------+
; Option            ; Setting             ;
+-------------------+---------------------+
; Start date & time ; 03/24/2024 19:49:34 ;
; Main task         ; Compilation         ;
; Revision Name     ; MaquinaEstados      ;
+-------------------+---------------------+


+-------------------------------------------------------------------------------------------------------------------------------+
; Flow Non-Default Global Settings                                                                                              ;
+--------------------------------------+----------------------------------------+----------------+-------------+----------------+
; Assignment Name                      ; Value                                  ; Default Value  ; Entity Name ; Section Id     ;
+--------------------------------------+----------------------------------------+----------------+-------------+----------------+
; COMPILER_SIGNATURE_ID                ; 190090209080446.171133137409544        ; --             ; --          ; --             ;
; EDA_DESIGN_INSTANCE_NAME             ; NA                                     ; --             ; --          ; FSM_tb         ;
; EDA_NATIVELINK_SIMULATION_TEST_BENCH ; FSM_tb                                 ; --             ; --          ; eda_simulation ;
; EDA_OUTPUT_DATA_FORMAT               ; Verilog Hdl                            ; --             ; --          ; eda_simulation ;
; EDA_SIMULATION_TOOL                  ; ModelSim-Altera (Verilog)              ; <None>         ; --          ; --             ;
; EDA_TEST_BENCH_ENABLE_STATUS         ; TEST_BENCH_MODE                        ; --             ; --          ; eda_simulation ;
; EDA_TEST_BENCH_FILE                  ; FSM_tb.sv                              ; --             ; --          ; FSM_tb         ;
; EDA_TEST_BENCH_MODULE_NAME           ; FSM_tb                                 ; --             ; --          ; FSM_tb         ;
; EDA_TEST_BENCH_NAME                  ; FSM_tb                                 ; --             ; --          ; eda_simulation ;
; EDA_TIME_SCALE                       ; 1 ps                                   ; --             ; --          ; eda_simulation ;
; MAX_CORE_JUNCTION_TEMP               ; 85                                     ; --             ; --          ; --             ;
; MIN_CORE_JUNCTION_TEMP               ; 0                                      ; --             ; --          ; --             ;
; PARTITION_COLOR                      ; -- (Not supported for targeted family) ; --             ; FSM         ; Top            ;
; PARTITION_FITTER_PRESERVATION_LEVEL  ; -- (Not supported for targeted family) ; --             ; FSM         ; Top            ;
; PARTITION_NETLIST_TYPE               ; -- (Not supported for targeted family) ; --             ; FSM         ; Top            ;
; POWER_BOARD_THERMAL_MODEL            ; None (CONSERVATIVE)                    ; --             ; --          ; --             ;
; POWER_PRESET_COOLING_SOLUTION        ; 23 MM HEAT SINK WITH 200 LFPM AIRFLOW  ; --             ; --          ; --             ;
; PROJECT_OUTPUT_DIRECTORY             ; output_files                           ; --             ; --          ; --             ;
; TOP_LEVEL_ENTITY                     ; FSM                                    ; MaquinaEstados ; --          ; --             ;
+--------------------------------------+----------------------------------------+----------------+-------------+----------------+


+--------------------------------------------------------------------------------------------------------------------------+
; Flow Elapsed Time                                                                                                        ;
+----------------------+--------------+-------------------------+---------------------+------------------------------------+
; Module Name          ; Elapsed Time ; Average Processors Used ; Peak Virtual Memory ; Total CPU Time (on all processors) ;
+----------------------+--------------+-------------------------+---------------------+------------------------------------+
; Analysis & Synthesis ; 00:00:11     ; 1.0                     ; 4830 MB             ; 00:00:28                           ;
; Fitter               ; 00:00:52     ; 1.0                     ; 6518 MB             ; 00:01:34                           ;
; Assembler            ; 00:00:06     ; 1.0                     ; 4836 MB             ; 00:00:06                           ;
; Timing Analyzer      ; 00:00:07     ; 1.0                     ; 5121 MB             ; 00:00:07                           ;
; EDA Netlist Writer   ; 00:00:01     ; 1.0                     ; 4724 MB             ; 00:00:01                           ;
; Total                ; 00:01:17     ; --                      ; --                  ; 00:02:16                           ;
+----------------------+--------------+-------------------------+---------------------+------------------------------------+


+------------------------------------------------------------------------------------+
; Flow OS Summary                                                                    ;
+----------------------+------------------+------------+------------+----------------+
; Module Name          ; Machine Hostname ; OS Name    ; OS Version ; Processor type ;
+----------------------+------------------+------------+------------+----------------+
; Analysis & Synthesis ; DESKTOP-7NKIMHQ  ; Windows 10 ; 10.0       ; x86_64         ;
; Fitter               ; DESKTOP-7NKIMHQ  ; Windows 10 ; 10.0       ; x86_64         ;
; Assembler            ; DESKTOP-7NKIMHQ  ; Windows 10 ; 10.0       ; x86_64         ;
; Timing Analyzer      ; DESKTOP-7NKIMHQ  ; Windows 10 ; 10.0       ; x86_64         ;
; EDA Netlist Writer   ; DESKTOP-7NKIMHQ  ; Windows 10 ; 10.0       ; x86_64         ;
+----------------------+------------------+------------+------------+----------------+


------------
; Flow Log ;
------------
quartus_map --read_settings_files=on --write_settings_files=off MaquinaEstados -c MaquinaEstados
quartus_fit --read_settings_files=off --write_settings_files=off MaquinaEstados -c MaquinaEstados
quartus_asm --read_settings_files=off --write_settings_files=off MaquinaEstados -c MaquinaEstados
quartus_sta MaquinaEstados -c MaquinaEstados
quartus_eda --read_settings_files=off --write_settings_files=off MaquinaEstados -c MaquinaEstados



